authenticator_core/build/intermediates/manifest_merge_blame_file/debug/manifest-merger-blame-debug-report.txt
1<?xml version="1.0" encoding="utf-8"?>
2<manifest xmlns:android="http://schemas.android.com/apk/res/android"
3    package="com.saltedge.authenticator.core" > <!-- This permission is depreciated in Android P -->
4    <uses-sdk
5        android:minSdkVersion="21"
5-->src/main/AndroidManifest.xml
6        android:targetSdkVersion="30" />
6-->src/main/AndroidManifest.xml
7
8    <uses-permission android:name="android.permission.INTERNET" />
8-->src/main/AndroidManifest.xml:5:5-66
8-->src/main/AndroidManifest.xml:5:22-64
9    <uses-permission android:name="android.permission.ACCESS_NETWORK_STATE" />
9-->src/main/AndroidManifest.xml:6:5-79
9-->src/main/AndroidManifest.xml:6:22-76
10    <uses-permission android:name="android.permission.USE_BIOMETRIC" />
10-->src/main/AndroidManifest.xml:7:5-72
10-->src/main/AndroidManifest.xml:7:22-69
11    <uses-permission android:name="android.permission.USE_FINGERPRINT" />
11-->src/main/AndroidManifest.xml:8:5-74
11-->src/main/AndroidManifest.xml:8:22-71
12
13</manifest>